[2025-04-21 05:13:01] development.ERROR: ErrorException: symlink(): Permission denied in D:\PERKULIAHAN\SEMESTER 6\Proyek Perangkat Lunak (Sukrina)\hrga\wintercms\modules\system\console\WinterMirror.php:208
Stack trace:
#0 D:\PERKULIAHAN\SEMESTER 6\Proyek Perangkat Lunak (Sukrina)\hrga\wintercms\vendor\laravel\framework\src\Illuminate\Foundation\Bootstrap\HandleExceptions.php(272): Illuminate\Foundation\Bootstrap\HandleExceptions->handleError(2, 'symlink(): Perm...', 'D:\\PERKULIAHAN\\...', 208)
#1 [internal function]: Illuminate\Foundation\Bootstrap\HandleExceptions->Illuminate\Foundation\Bootstrap\{closure}(2, 'symlink(): Perm...', 'D:\\PERKULIAHAN\\...', 208)
#2 D:\PERKULIAHAN\SEMESTER 6\Proyek Perangkat Lunak (Sukrina)\hrga\wintercms\modules\system\console\WinterMirror.php(208): symlink('D:\\PERKULIAHAN\\...', 'D:\\PERKULIAHAN\\...')
#3 D:\PERKULIAHAN\SEMESTER 6\Proyek Perangkat Lunak (Sukrina)\hrga\wintercms\modules\system\console\WinterMirror.php(157): System\Console\WinterMirror->mirror('D:\\PERKULIAHAN\\...', 'D:\\PERKULIAHAN\\...')
#4 D:\PERKULIAHAN\SEMESTER 6\Proyek Perangkat Lunak (Sukrina)\hrga\wintercms\modules\system\console\WinterMirror.php(131): System\Console\WinterMirror->mirrorFile('.htaccess')
#5 D:\PERKULIAHAN\SEMESTER 6\Proyek Perangkat Lunak (Sukrina)\hrga\wintercms\vendor\laravel\framework\src\Illuminate\Container\BoundMethod.php(36): System\Console\WinterMirror->handle()
#6 D:\PERKULIAHAN\SEMESTER 6\Proyek Perangkat Lunak (Sukrina)\hrga\wintercms\vendor\laravel\framework\src\Illuminate\Container\Util.php(41): Illuminate\Container\BoundMethod::Illuminate\Container\{closure}()
#7 D:\PERKULIAHAN\SEMESTER 6\Proyek Perangkat Lunak (Sukrina)\hrga\wintercms\vendor\laravel\framework\src\Illuminate\Container\BoundMethod.php(93): Illuminate\Container\Util::unwrapIfClosure(Object(Closure))
#8 D:\PERKULIAHAN\SEMESTER 6\Proyek Perangkat Lunak (Sukrina)\hrga\wintercms\vendor\laravel\framework\src\Illuminate\Container\BoundMethod.php(37): Illuminate\Container\BoundMethod::callBoundMethod(Object(Winter\Storm\Foundation\Application), Array, Object(Closure))
#9 D:\PERKULIAHAN\SEMESTER 6\Proyek Perangkat Lunak (Sukrina)\hrga\wintercms\vendor\laravel\framework\src\Illuminate\Container\Container.php(661): Illuminate\Container\BoundMethod::call(Object(Winter\Storm\Foundation\Application), Array, Array, NULL)
#10 D:\PERKULIAHAN\SEMESTER 6\Proyek Perangkat Lunak (Sukrina)\hrga\wintercms\vendor\laravel\framework\src\Illuminate\Console\Command.php(183): Illuminate\Container\Container->call(Array)
#11 D:\PERKULIAHAN\SEMESTER 6\Proyek Perangkat Lunak (Sukrina)\hrga\wintercms\vendor\symfony\console\Command\Command.php(312): Illuminate\Console\Command->execute(Object(Symfony\Component\Console\Input\ArgvInput), Object(Illuminate\Console\OutputStyle))
#12 D:\PERKULIAHAN\SEMESTER 6\Proyek Perangkat Lunak (Sukrina)\hrga\wintercms\vendor\laravel\framework\src\Illuminate\Console\Command.php(153): Symfony\Component\Console\Command\Command->run(Object(Symfony\Component\Console\Input\ArgvInput), Object(Illuminate\Console\OutputStyle))
#13 D:\PERKULIAHAN\SEMESTER 6\Proyek Perangkat Lunak (Sukrina)\hrga\wintercms\vendor\symfony\console\Application.php(1022): Illuminate\Console\Command->run(Object(Symfony\Component\Console\Input\ArgvInput), Object(Symfony\Component\Console\Output\ConsoleOutput))
#14 D:\PERKULIAHAN\SEMESTER 6\Proyek Perangkat Lunak (Sukrina)\hrga\wintercms\vendor\symfony\console\Application.php(314): Symfony\Component\Console\Application->doRunCommand(Object(System\Console\WinterMirror), Object(Symfony\Component\Console\Input\ArgvInput), Object(Symfony\Component\Console\Output\ConsoleOutput))
#15 D:\PERKULIAHAN\SEMESTER 6\Proyek Perangkat Lunak (Sukrina)\hrga\wintercms\vendor\symfony\console\Application.php(168): Symfony\Component\Console\Application->doRun(Object(Symfony\Component\Console\Input\ArgvInput), Object(Symfony\Component\Console\Output\ConsoleOutput))
#16 D:\PERKULIAHAN\SEMESTER 6\Proyek Perangkat Lunak (Sukrina)\hrga\wintercms\vendor\laravel\framework\src\Illuminate\Console\Application.php(102): Symfony\Component\Console\Application->run(Object(Symfony\Component\Console\Input\ArgvInput), Object(Symfony\Component\Console\Output\ConsoleOutput))
#17 D:\PERKULIAHAN\SEMESTER 6\Proyek Perangkat Lunak (Sukrina)\hrga\wintercms\vendor\laravel\framework\src\Illuminate\Foundation\Console\Kernel.php(155): Illuminate\Console\Application->run(Object(Symfony\Component\Console\Input\ArgvInput), Object(Symfony\Component\Console\Output\ConsoleOutput))
#18 D:\PERKULIAHAN\SEMESTER 6\Proyek Perangkat Lunak (Sukrina)\hrga\wintercms\artisan(35): Illuminate\Foundation\Console\Kernel->handle(Object(Symfony\Component\Console\Input\ArgvInput), Object(Symfony\Component\Console\Output\ConsoleOutput))
#19 {main}  
[2025-04-21 05:44:37] development.ERROR: Symfony\Component\Console\Exception\CommandNotFoundException: Command "winter:superuser" is not defined.

Did you mean one of these?
    tinker
    winter:down
    winter:env
    winter:fresh
    winter:install
    winter:mirror
    winter:passwd
    winter:password
    winter:test
    winter:up
    winter:update
    winter:util
    winter:version in D:\PERKULIAHAN\SEMESTER 6\Proyek Perangkat Lunak (Sukrina)\hrga\wintercms\vendor\symfony\console\Application.php:702
Stack trace:
#0 D:\PERKULIAHAN\SEMESTER 6\Proyek Perangkat Lunak (Sukrina)\hrga\wintercms\vendor\symfony\console\Application.php(256): Symfony\Component\Console\Application->find('winter:superuse...')
#1 D:\PERKULIAHAN\SEMESTER 6\Proyek Perangkat Lunak (Sukrina)\hrga\wintercms\vendor\symfony\console\Application.php(168): Symfony\Component\Console\Application->doRun(Object(Symfony\Component\Console\Input\ArgvInput), Object(Symfony\Component\Console\Output\ConsoleOutput))
#2 D:\PERKULIAHAN\SEMESTER 6\Proyek Perangkat Lunak (Sukrina)\hrga\wintercms\vendor\laravel\framework\src\Illuminate\Console\Application.php(102): Symfony\Component\Console\Application->run(Object(Symfony\Component\Console\Input\ArgvInput), Object(Symfony\Component\Console\Output\ConsoleOutput))
#3 D:\PERKULIAHAN\SEMESTER 6\Proyek Perangkat Lunak (Sukrina)\hrga\wintercms\vendor\laravel\framework\src\Illuminate\Foundation\Console\Kernel.php(155): Illuminate\Console\Application->run(Object(Symfony\Component\Console\Input\ArgvInput), Object(Symfony\Component\Console\Output\ConsoleOutput))
#4 D:\PERKULIAHAN\SEMESTER 6\Proyek Perangkat Lunak (Sukrina)\hrga\wintercms\artisan(35): Illuminate\Foundation\Console\Kernel->handle(Object(Symfony\Component\Console\Input\ArgvInput), Object(Symfony\Component\Console\Output\ConsoleOutput))
#5 {main}  
[2025-04-21 05:44:55] development.ERROR: Symfony\Component\Console\Exception\CommandNotFoundException: Command "winter:superuser" is not defined.

Did you mean one of these?
    tinker
    winter:down
    winter:env
    winter:fresh
    winter:install
    winter:mirror
    winter:passwd
    winter:password
    winter:test
    winter:up
    winter:update
    winter:util
    winter:version in D:\PERKULIAHAN\SEMESTER 6\Proyek Perangkat Lunak (Sukrina)\hrga\wintercms\vendor\symfony\console\Application.php:702
Stack trace:
#0 D:\PERKULIAHAN\SEMESTER 6\Proyek Perangkat Lunak (Sukrina)\hrga\wintercms\vendor\symfony\console\Application.php(256): Symfony\Component\Console\Application->find('winter:superuse...')
#1 D:\PERKULIAHAN\SEMESTER 6\Proyek Perangkat Lunak (Sukrina)\hrga\wintercms\vendor\symfony\console\Application.php(168): Symfony\Component\Console\Application->doRun(Object(Symfony\Component\Console\Input\ArgvInput), Object(Symfony\Component\Console\Output\ConsoleOutput))
#2 D:\PERKULIAHAN\SEMESTER 6\Proyek Perangkat Lunak (Sukrina)\hrga\wintercms\vendor\laravel\framework\src\Illuminate\Console\Application.php(102): Symfony\Component\Console\Application->run(Object(Symfony\Component\Console\Input\ArgvInput), Object(Symfony\Component\Console\Output\ConsoleOutput))
#3 D:\PERKULIAHAN\SEMESTER 6\Proyek Perangkat Lunak (Sukrina)\hrga\wintercms\vendor\laravel\framework\src\Illuminate\Foundation\Console\Kernel.php(155): Illuminate\Console\Application->run(Object(Symfony\Component\Console\Input\ArgvInput), Object(Symfony\Component\Console\Output\ConsoleOutput))
#4 D:\PERKULIAHAN\SEMESTER 6\Proyek Perangkat Lunak (Sukrina)\hrga\wintercms\artisan(35): Illuminate\Foundation\Console\Kernel->handle(Object(Symfony\Component\Console\Input\ArgvInput), Object(Symfony\Component\Console\Output\ConsoleOutput))
#5 {main}  
